{"name": "See category add-ons in homepage", "status": "failed", "statusDetails": {"message": "AssertionError\n", "trace": "  File \"C:\\Users\\M S I\\AppData\\Local\\Programs\\Python\\Python310\\lib\\site-packages\\behave\\model.py\", line 1329, in run\n    match.run(runner.context)\n  File \"C:\\Users\\M S I\\AppData\\Local\\Programs\\Python\\Python310\\lib\\site-packages\\behave\\matchers.py\", line 98, in run\n    self.func(context, *args, **kwargs)\n  File \"features\\steps\\appcenter.py\", line 30, in capture_screenshot\n    assert 'asda' in element\n"}, "steps": [{"name": "Given launch chrome browser", "status": "passed", "start": 1642487291378, "stop": 1642487292434}, {"name": "When Open App Center homepage", "status": "passed", "start": 1642487292434, "stop": 1642487294031}, {"name": "Then verify have add-ons in homepage", "status": "failed", "statusDetails": {"message": "AssertionError\n", "trace": "  File \"C:\\Users\\M S I\\AppData\\Local\\Programs\\Python\\Python310\\lib\\site-packages\\behave\\model.py\", line 1329, in run\n    match.run(runner.context)\n  File \"C:\\Users\\M S I\\AppData\\Local\\Programs\\Python\\Python310\\lib\\site-packages\\behave\\matchers.py\", line 98, in run\n    self.func(context, *args, **kwargs)\n  File \"features\\steps\\appcenter.py\", line 30, in capture_screenshot\n    assert 'asda' in element\n"}, "start": 1642487294031, "stop": 1642487296061}, {"name": "And Close Browser", "status": "skipped", "start": 1642487298116, "stop": 1642487298116}], "start": 1642487291377, "stop": 1642487298116, "uuid": "c6130a7d-e560-4530-a6ae-9830f93ccdba", "historyId": "3e2d614d46174ceeb79b699466742bbb", "fullName": "Check App Center Page: See category add-ons in homepage", "labels": [{"name": "severity", "value": "normal"}, {"name": "feature", "value": "Check App Center Page"}, {"name": "framework", "value": "behave"}, {"name": "language", "value": "cpython3"}]}