{"name": "See category add-ons in homepage", "status": "failed", "statusDetails": {"message": "AssertionError\n", "trace": "  File \"C:\\Users\\M S I\\AppData\\Local\\Programs\\Python\\Python310\\lib\\site-packages\\behave\\model.py\", line 1329, in run\n    match.run(runner.context)\n  File \"C:\\Users\\M S I\\AppData\\Local\\Programs\\Python\\Python310\\lib\\site-packages\\behave\\matchers.py\", line 98, in run\n    self.func(context, *args, **kwargs)\n  File \"features\\steps\\appcenter.py\", line 21, in VerifyHomepage\n    assert 'asda' in element\n"}, "steps": [{"name": "Given launch chrome browser", "status": "passed", "start": 1642485380090, "stop": 1642485381154}, {"name": "When Open App Center homepage", "status": "passed", "start": 1642485381154, "stop": 1642485383528}, {"name": "Then verify have add-ons in homepage", "status": "failed", "statusDetails": {"message": "AssertionError\n", "trace": "  File \"C:\\Users\\M S I\\AppData\\Local\\Programs\\Python\\Python310\\lib\\site-packages\\behave\\model.py\", line 1329, in run\n    match.run(runner.context)\n  File \"C:\\Users\\M S I\\AppData\\Local\\Programs\\Python\\Python310\\lib\\site-packages\\behave\\matchers.py\", line 98, in run\n    self.func(context, *args, **kwargs)\n  File \"features\\steps\\appcenter.py\", line 21, in VerifyHomepage\n    assert 'asda' in element\n"}, "start": 1642485383528, "stop": 1642485385556}, {"name": "And Close Browser", "status": "skipped", "start": 1642485387609, "stop": 1642485387609}], "start": 1642485380089, "stop": 1642485387609, "uuid": "7ae7d20f-8c4b-4de3-b94e-5953fb949c5e", "historyId": "3e2d614d46174ceeb79b699466742bbb", "fullName": "Check App Center Page: See category add-ons in homepage", "labels": [{"name": "severity", "value": "normal"}, {"name": "feature", "value": "Check App Center Page"}, {"name": "framework", "value": "behave"}, {"name": "language", "value": "cpython3"}]}