{"name": "See category add-ons in homepage", "status": "failed", "statusDetails": {"message": "AssertionError\n", "trace": "  File \"C:\\Users\\M S I\\AppData\\Local\\Programs\\Python\\Python310\\lib\\site-packages\\behave\\model.py\", line 1329, in run\n    match.run(runner.context)\n  File \"C:\\Users\\M S I\\AppData\\Local\\Programs\\Python\\Python310\\lib\\site-packages\\behave\\matchers.py\", line 98, in run\n    self.func(context, *args, **kwargs)\n  File \"features\\steps\\appcenter.py\", line 35, in VerifyHomepage\n    assert False\n"}, "steps": [{"name": "Given launch chrome browser", "status": "passed", "start": 1642488611428, "stop": 1642488612510}, {"name": "When Open App Center homepage", "status": "passed", "start": 1642488612510, "stop": 1642488615200}, {"name": "Then verify have add-ons in homepage", "status": "failed", "statusDetails": {"message": "AssertionError\n", "trace": "  File \"C:\\Users\\M S I\\AppData\\Local\\Programs\\Python\\Python310\\lib\\site-packages\\behave\\model.py\", line 1329, in run\n    match.run(runner.context)\n  File \"C:\\Users\\M S I\\AppData\\Local\\Programs\\Python\\Python310\\lib\\site-packages\\behave\\matchers.py\", line 98, in run\n    self.func(context, *args, **kwargs)\n  File \"features\\steps\\appcenter.py\", line 35, in VerifyHomepage\n    assert False\n"}, "attachments": [{"name": "test fail", "source": "016c92f8-8b34-4151-a42c-0df1d55d81b2-attachment.png", "type": "image/png"}], "start": 1642488615200, "stop": 1642488617348}, {"name": "And Close Browser", "status": "skipped", "start": 1642488619388, "stop": 1642488619388}], "start": 1642488611427, "stop": 1642488619388, "uuid": "daa14091-2b7f-4861-86bb-dcb61aea4276", "historyId": "3e2d614d46174ceeb79b699466742bbb", "fullName": "Check App Center Page: See category add-ons in homepage", "labels": [{"name": "severity", "value": "normal"}, {"name": "feature", "value": "Check App Center Page"}, {"name": "framework", "value": "behave"}, {"name": "language", "value": "cpython3"}]}